<?xml version="1.0" encoding="UTF-8"?>
<testsuite name="demo.AppTest" tests="1" skipped="0" failures="0" errors="0" timestamp="2022-06-28T08:40:26" hostname="INLEN8520068672" time="0.182">
  <properties/>
  <testcase name="application has a greeting" classname="demo.AppTest" time="0.182"/>
  <system-out><![CDATA[]]></system-out>
  <system-err><![CDATA[]]></system-err>
</testsuite>
